

Started GET "/articles/new" for 127.0.0.1 at 2018-08-31 11:18:09 -0400

ActionController::RoutingError (No route matches [GET] "/articles/new"):
  actionpack (4.1.16) lib/action_dispatch/middleware/debug_exceptions.rb:21:in `call'
  actionpack (4.1.16) lib/action_dispatch/middleware/show_exceptions.rb:30:in `call'
  railties (4.1.16) lib/rails/rack/logger.rb:38:in `call_app'
  railties (4.1.16) lib/rails/rack/logger.rb:20:in `block in call'
  activesupport (4.1.16) lib/active_support/tagged_logging.rb:68:in `block in tagged'
  activesupport (4.1.16) lib/active_support/tagged_logging.rb:26:in `tagged'
  activesupport (4.1.16) lib/active_support/tagged_logging.rb:68:in `tagged'
  railties (4.1.16) lib/rails/rack/logger.rb:20:in `call'
  actionpack (4.1.16) lib/action_dispatch/middleware/request_id.rb:21:in `call'
  rack (1.5.5) lib/rack/methodoverride.rb:21:in `call'
  rack (1.5.5) lib/rack/runtime.rb:17:in `call'
  activesupport (4.1.16) lib/active_support/cache/strategy/local_cache_middleware.rb:26:in `call'
  rack (1.5.5) lib/rack/lock.rb:17:in `call'
  actionpack (4.1.16) lib/action_dispatch/middleware/static.rb:84:in `call'
  rack (1.5.5) lib/rack/sendfile.rb:112:in `call'
  railties (4.1.16) lib/rails/engine.rb:514:in `call'
  railties (4.1.16) lib/rails/application.rb:144:in `call'
  rack (1.5.5) lib/rack/lock.rb:17:in `call'
  rack (1.5.5) lib/rack/content_length.rb:14:in `call'
  rack (1.5.5) lib/rack/handler/webrick.rb:60:in `service'
  /Users/crosevear/.rbenv/versions/2.2.10/lib/ruby/2.2.0/webrick/httpserver.rb:138:in `service'
  /Users/crosevear/.rbenv/versions/2.2.10/lib/ruby/2.2.0/webrick/httpserver.rb:94:in `run'
  /Users/crosevear/.rbenv/versions/2.2.10/lib/ruby/2.2.0/webrick/server.rb:294:in `block in start_thread'


  Rendered /Users/crosevear/.rbenv/versions/2.2.10/lib/ruby/gems/2.2.0/gems/actionpack-4.1.16/lib/action_dispatch/middleware/templates/rescues/_trace.html.erb (1.1ms)
  Rendered /Users/crosevear/.rbenv/versions/2.2.10/lib/ruby/gems/2.2.0/gems/actionpack-4.1.16/lib/action_dispatch/middleware/templates/routes/_table.html.erb (9.5ms)
  Rendered /Users/crosevear/.rbenv/versions/2.2.10/lib/ruby/gems/2.2.0/gems/actionpack-4.1.16/lib/action_dispatch/middleware/templates/rescues/routing_error.html.erb within rescues/layout (78.4ms)


Started GET "/" for 127.0.0.1 at 2018-08-31 11:18:13 -0400
Processing by Rails::WelcomeController#index as HTML
  Rendered /Users/crosevear/.rbenv/versions/2.2.10/lib/ruby/gems/2.2.0/gems/railties-4.1.16/lib/rails/templates/rails/welcome/index.html.erb (0.7ms)
Completed 200 OK in 17ms (Views: 5.3ms | ActiveRecord: 0.0ms)


Started GET "/" for 127.0.0.1 at 2018-08-31 11:42:04 -0400

ActionController::RoutingError (uninitialized constant WelcomeController):
  activesupport (4.1.16) lib/active_support/inflector/methods.rb:238:in `const_get'
  activesupport (4.1.16) lib/active_support/inflector/methods.rb:238:in `block in constantize'
  activesupport (4.1.16) lib/active_support/inflector/methods.rb:236:in `each'
  activesupport (4.1.16) lib/active_support/inflector/methods.rb:236:in `inject'
  activesupport (4.1.16) lib/active_support/inflector/methods.rb:236:in `constantize'
  actionpack (4.1.16) lib/action_dispatch/routing/route_set.rb:76:in `controller_reference'
  actionpack (4.1.16) lib/action_dispatch/routing/route_set.rb:66:in `controller'
  actionpack (4.1.16) lib/action_dispatch/routing/route_set.rb:44:in `call'
  actionpack (4.1.16) lib/action_dispatch/journey/router.rb:73:in `block in call'
  actionpack (4.1.16) lib/action_dispatch/journey/router.rb:59:in `each'
  actionpack (4.1.16) lib/action_dispatch/journey/router.rb:59:in `call'
  actionpack (4.1.16) lib/action_dispatch/routing/route_set.rb:690:in `call'
  rack (1.5.5) lib/rack/etag.rb:23:in `call'
  rack (1.5.5) lib/rack/conditionalget.rb:25:in `call'
  rack (1.5.5) lib/rack/head.rb:11:in `call'
  actionpack (4.1.16) lib/action_dispatch/middleware/params_parser.rb:27:in `call'
  actionpack (4.1.16) lib/action_dispatch/middleware/flash.rb:254:in `call'
  rack (1.5.5) lib/rack/session/abstract/id.rb:225:in `context'
  rack (1.5.5) lib/rack/session/abstract/id.rb:220:in `call'
  actionpack (4.1.16) lib/action_dispatch/middleware/cookies.rb:562:in `call'
  activerecord (4.1.16) lib/active_record/query_cache.rb:36:in `call'
  activerecord (4.1.16) lib/active_record/connection_adapters/abstract/connection_pool.rb:621:in `call'
  activerecord (4.1.16) lib/active_record/migration.rb:380:in `call'
  actionpack (4.1.16) lib/action_dispatch/middleware/callbacks.rb:29:in `block in call'
  activesupport (4.1.16) lib/active_support/callbacks.rb:82:in `run_callbacks'
  actionpack (4.1.16) lib/action_dispatch/middleware/callbacks.rb:27:in `call'
  actionpack (4.1.16) lib/action_dispatch/middleware/reloader.rb:73:in `call'
  actionpack (4.1.16) lib/action_dispatch/middleware/remote_ip.rb:76:in `call'
  actionpack (4.1.16) lib/action_dispatch/middleware/debug_exceptions.rb:17:in `call'
  actionpack (4.1.16) lib/action_dispatch/middleware/show_exceptions.rb:30:in `call'
  railties (4.1.16) lib/rails/rack/logger.rb:38:in `call_app'
  railties (4.1.16) lib/rails/rack/logger.rb:20:in `block in call'
  activesupport (4.1.16) lib/active_support/tagged_logging.rb:68:in `block in tagged'
  activesupport (4.1.16) lib/active_support/tagged_logging.rb:26:in `tagged'
  activesupport (4.1.16) lib/active_support/tagged_logging.rb:68:in `tagged'
  railties (4.1.16) lib/rails/rack/logger.rb:20:in `call'
  actionpack (4.1.16) lib/action_dispatch/middleware/request_id.rb:21:in `call'
  rack (1.5.5) lib/rack/methodoverride.rb:21:in `call'
  rack (1.5.5) lib/rack/runtime.rb:17:in `call'
  activesupport (4.1.16) lib/active_support/cache/strategy/local_cache_middleware.rb:26:in `call'
  rack (1.5.5) lib/rack/lock.rb:17:in `call'
  actionpack (4.1.16) lib/action_dispatch/middleware/static.rb:84:in `call'
  rack (1.5.5) lib/rack/sendfile.rb:112:in `call'
  railties (4.1.16) lib/rails/engine.rb:514:in `call'
  railties (4.1.16) lib/rails/application.rb:144:in `call'
  rack (1.5.5) lib/rack/lock.rb:17:in `call'
  rack (1.5.5) lib/rack/content_length.rb:14:in `call'
  rack (1.5.5) lib/rack/handler/webrick.rb:60:in `service'
  /Users/crosevear/.rbenv/versions/2.2.10/lib/ruby/2.2.0/webrick/httpserver.rb:138:in `service'
  /Users/crosevear/.rbenv/versions/2.2.10/lib/ruby/2.2.0/webrick/httpserver.rb:94:in `run'
  /Users/crosevear/.rbenv/versions/2.2.10/lib/ruby/2.2.0/webrick/server.rb:294:in `block in start_thread'


  Rendered /Users/crosevear/.rbenv/versions/2.2.10/lib/ruby/gems/2.2.0/gems/actionpack-4.1.16/lib/action_dispatch/middleware/templates/rescues/_trace.html.erb (1.0ms)
  Rendered /Users/crosevear/.rbenv/versions/2.2.10/lib/ruby/gems/2.2.0/gems/actionpack-4.1.16/lib/action_dispatch/middleware/templates/routes/_route.html.erb (0.6ms)
  Rendered /Users/crosevear/.rbenv/versions/2.2.10/lib/ruby/gems/2.2.0/gems/actionpack-4.1.16/lib/action_dispatch/middleware/templates/routes/_table.html.erb (7.2ms)
  Rendered /Users/crosevear/.rbenv/versions/2.2.10/lib/ruby/gems/2.2.0/gems/actionpack-4.1.16/lib/action_dispatch/middleware/templates/rescues/routing_error.html.erb within rescues/layout (104.9ms)


Started GET "/" for 127.0.0.1 at 2018-08-31 11:43:11 -0400

ActionController::RoutingError (uninitialized constant WelcomeController):
  activesupport (4.1.16) lib/active_support/inflector/methods.rb:238:in `const_get'
  activesupport (4.1.16) lib/active_support/inflector/methods.rb:238:in `block in constantize'
  activesupport (4.1.16) lib/active_support/inflector/methods.rb:236:in `each'
  activesupport (4.1.16) lib/active_support/inflector/methods.rb:236:in `inject'
  activesupport (4.1.16) lib/active_support/inflector/methods.rb:236:in `constantize'
  actionpack (4.1.16) lib/action_dispatch/routing/route_set.rb:76:in `controller_reference'
  actionpack (4.1.16) lib/action_dispatch/routing/route_set.rb:66:in `controller'
  actionpack (4.1.16) lib/action_dispatch/routing/route_set.rb:44:in `call'
  actionpack (4.1.16) lib/action_dispatch/journey/router.rb:73:in `block in call'
  actionpack (4.1.16) lib/action_dispatch/journey/router.rb:59:in `each'
  actionpack (4.1.16) lib/action_dispatch/journey/router.rb:59:in `call'
  actionpack (4.1.16) lib/action_dispatch/routing/route_set.rb:690:in `call'
  rack (1.5.5) lib/rack/etag.rb:23:in `call'
  rack (1.5.5) lib/rack/conditionalget.rb:25:in `call'
  rack (1.5.5) lib/rack/head.rb:11:in `call'
  actionpack (4.1.16) lib/action_dispatch/middleware/params_parser.rb:27:in `call'
  actionpack (4.1.16) lib/action_dispatch/middleware/flash.rb:254:in `call'
  rack (1.5.5) lib/rack/session/abstract/id.rb:225:in `context'
  rack (1.5.5) lib/rack/session/abstract/id.rb:220:in `call'
  actionpack (4.1.16) lib/action_dispatch/middleware/cookies.rb:562:in `call'
  activerecord (4.1.16) lib/active_record/query_cache.rb:36:in `call'
  activerecord (4.1.16) lib/active_record/connection_adapters/abstract/connection_pool.rb:621:in `call'
  activerecord (4.1.16) lib/active_record/migration.rb:380:in `call'
  actionpack (4.1.16) lib/action_dispatch/middleware/callbacks.rb:29:in `block in call'
  activesupport (4.1.16) lib/active_support/callbacks.rb:82:in `run_callbacks'
  actionpack (4.1.16) lib/action_dispatch/middleware/callbacks.rb:27:in `call'
  actionpack (4.1.16) lib/action_dispatch/middleware/reloader.rb:73:in `call'
  actionpack (4.1.16) lib/action_dispatch/middleware/remote_ip.rb:76:in `call'
  actionpack (4.1.16) lib/action_dispatch/middleware/debug_exceptions.rb:17:in `call'
  actionpack (4.1.16) lib/action_dispatch/middleware/show_exceptions.rb:30:in `call'
  railties (4.1.16) lib/rails/rack/logger.rb:38:in `call_app'
  railties (4.1.16) lib/rails/rack/logger.rb:20:in `block in call'
  activesupport (4.1.16) lib/active_support/tagged_logging.rb:68:in `block in tagged'
  activesupport (4.1.16) lib/active_support/tagged_logging.rb:26:in `tagged'
  activesupport (4.1.16) lib/active_support/tagged_logging.rb:68:in `tagged'
  railties (4.1.16) lib/rails/rack/logger.rb:20:in `call'
  actionpack (4.1.16) lib/action_dispatch/middleware/request_id.rb:21:in `call'
  rack (1.5.5) lib/rack/methodoverride.rb:21:in `call'
  rack (1.5.5) lib/rack/runtime.rb:17:in `call'
  activesupport (4.1.16) lib/active_support/cache/strategy/local_cache_middleware.rb:26:in `call'
  rack (1.5.5) lib/rack/lock.rb:17:in `call'
  actionpack (4.1.16) lib/action_dispatch/middleware/static.rb:84:in `call'
  rack (1.5.5) lib/rack/sendfile.rb:112:in `call'
  railties (4.1.16) lib/rails/engine.rb:514:in `call'
  railties (4.1.16) lib/rails/application.rb:144:in `call'
  rack (1.5.5) lib/rack/lock.rb:17:in `call'
  rack (1.5.5) lib/rack/content_length.rb:14:in `call'
  rack (1.5.5) lib/rack/handler/webrick.rb:60:in `service'
  /Users/crosevear/.rbenv/versions/2.2.10/lib/ruby/2.2.0/webrick/httpserver.rb:138:in `service'
  /Users/crosevear/.rbenv/versions/2.2.10/lib/ruby/2.2.0/webrick/httpserver.rb:94:in `run'
  /Users/crosevear/.rbenv/versions/2.2.10/lib/ruby/2.2.0/webrick/server.rb:294:in `block in start_thread'


  Rendered /Users/crosevear/.rbenv/versions/2.2.10/lib/ruby/gems/2.2.0/gems/actionpack-4.1.16/lib/action_dispatch/middleware/templates/rescues/_trace.html.erb (0.8ms)
  Rendered /Users/crosevear/.rbenv/versions/2.2.10/lib/ruby/gems/2.2.0/gems/actionpack-4.1.16/lib/action_dispatch/middleware/templates/routes/_route.html.erb (0.6ms)
  Rendered /Users/crosevear/.rbenv/versions/2.2.10/lib/ruby/gems/2.2.0/gems/actionpack-4.1.16/lib/action_dispatch/middleware/templates/routes/_table.html.erb (5.6ms)
  Rendered /Users/crosevear/.rbenv/versions/2.2.10/lib/ruby/gems/2.2.0/gems/actionpack-4.1.16/lib/action_dispatch/middleware/templates/rescues/routing_error.html.erb within rescues/layout (88.0ms)


Started GET "/" for 127.0.0.1 at 2018-08-31 11:45:00 -0400
Processing by WelcomeController#index as HTML
  Rendered welcome/index.html.erb within layouts/application (0.3ms)
Completed 200 OK in 65ms (Views: 56.2ms | ActiveRecord: 0.0ms)


Started GET "/assets/application.css?body=1" for 127.0.0.1 at 2018-08-31 11:45:00 -0400


Started GET "/assets/jquery.js?body=1" for 127.0.0.1 at 2018-08-31 11:45:00 -0400


Started GET "/assets/turbolinks.js?body=1" for 127.0.0.1 at 2018-08-31 11:45:00 -0400


Started GET "/assets/jquery_ujs.js?body=1" for 127.0.0.1 at 2018-08-31 11:45:00 -0400


Started GET "/assets/application.js?body=1" for 127.0.0.1 at 2018-08-31 11:45:00 -0400
